#0 building with "desktop-linux" instance using docker driver

#1 [internal] load build definition from Dockerfile
#1 transferring dockerfile: 348B done
#1 DONE 0.0s

#2 [auth] library/python:pull token for registry-1.docker.io
#2 DONE 0.0s

#3 [internal] load metadata for docker.io/library/python:3.12-slim
#3 DONE 1.5s

#4 [internal] load .dockerignore
#4 transferring context: 2B done
#4 DONE 0.0s

#5 [internal] load build context
#5 transferring context: 187B done
#5 DONE 0.0s

#6 [1/7] FROM docker.io/library/python:3.12-slim@sha256:2bbc83fcf744fb96397408e595395fadc9d8d84ae38bfc30b8766d533f4f8e7e
#6 resolve docker.io/library/python:3.12-slim@sha256:2bbc83fcf744fb96397408e595395fadc9d8d84ae38bfc30b8766d533f4f8e7e 0.0s done
#6 DONE 0.0s

#7 [6/7] COPY app.py .
#7 CACHED

#8 [2/7] WORKDIR /app
#8 CACHED

#9 [3/7] COPY requirements-docker.txt .
#9 CACHED

#10 [4/7] RUN python -m pip install --upgrade pip
#10 CACHED

#11 [5/7] RUN pip install --no-cache-dir -r requirements-docker.txt
#11 CACHED

#12 [7/7] COPY notebooks/models/savedmodel.pth notebooks/models/savedmodel.pth
#12 CACHED

#13 exporting to image
#13 exporting layers done
#13 exporting manifest sha256:6fb8fe5b9b25f3b801d3c44cbbd08c387993ed4722b900896d2a91570fb5806c done
#13 exporting config sha256:39b530ca5b519ba8f3020df5a36751709222a5272244a2a1d535ea587757b683 done
#13 exporting attestation manifest sha256:fd7f43b80d002047c35f5c02cd66a86435aece577c5bc5c5f6f1e1317331a3db 0.0s done
#13 exporting manifest list sha256:b5792e0772388cfeae11e73674855b5aa40fa9d893c6b88b656c6b18f6c47615
#13 exporting manifest list sha256:b5792e0772388cfeae11e73674855b5aa40fa9d893c6b88b656c6b18f6c47615 0.0s done
#13 naming to docker.io/library/mlops-olivetti:dev done
#13 unpacking to docker.io/library/mlops-olivetti:dev 0.0s done
#13 DONE 0.1s
